<?xml version="1.0" encoding="UTF-8"?>
<!-- Generated by org.testng.reporters.JUnitXMLReporter -->
<testsuite ignored="0" hostname="Kirans" failures="0" tests="3" name="Default test" time="35.994" errors="0" timestamp="2025-12-08T00:17:26 GST">
  <testcase classname="tests.ContentTest" name="testAppleStore" time="6.992"/>
  <testcase classname="tests.ContentTest" name="testBannerImage" time="0.119"/>
  <testcase classname="tests.ContentTest" name="testGoogleStore" time="6.273"/>
</testsuite> <!-- Default test -->
